--------------------------------------------------------------------------------
Release 14.7 Trace  (nt)
Copyright (c) 1995-2013 Xilinx, Inc.  All rights reserved.

E:\ISE\Xilinx_ISE\14.7\ISE_DS\ISE\bin\nt\unwrapped\trce.exe -intstyle ise -v 3
-s 3 -n 3 -fastpaths -xml top.twx top.ncd -o top.twr top.pcf -ucf top.ucf

Design file:              top.ncd
Physical constraint file: top.pcf
Device,package,speed:     xc7a100t,csg324,C,-3 (PRODUCTION 1.10 2013-10-13)
Report level:             verbose report

Environment Variable      Effect 
--------------------      ------ 
NONE                      No environment variables were set
--------------------------------------------------------------------------------

INFO:Timing:2698 - No timing constraints found, doing default enumeration.
INFO:Timing:3412 - To improve timing, see the Timing Closure User Guide (UG612).
INFO:Timing:2752 - To get complete path coverage, use the unconstrained paths 
   option. All paths that are not constrained will be reported in the 
   unconstrained paths section(s) of the report.
INFO:Timing:3339 - The clock-to-out numbers in this timing report are based on 
   a 50 Ohm transmission line loading model.  For the details of this model, 
   and for more information on accounting for different loading conditions, 
   please see the device datasheet.



Data Sheet report:
-----------------
All values displayed in nanoseconds (ns)

Setup/Hold to clock clk_100m
------------+------------+------------+------------+------------+------------------+--------+
            |Max Setup to|  Process   |Max Hold to |  Process   |                  | Clock  |
Source      | clk (edge) |   Corner   | clk (edge) |   Corner   |Internal Clock(s) | Phase  |
------------+------------+------------+------------+------------+------------------+--------+
cr          |    1.664(R)|      SLOW  |   -0.409(R)|      FAST  |clk_100m_BUFGP    |   0.000|
------------+------------+------------+------------+------------+------------------+--------+

Clock clk_100m to Pad
------------+-----------------+------------+-----------------+------------+------------------+--------+
            |Max (slowest) clk|  Process   |Min (fastest) clk|  Process   |                  | Clock  |
Destination |  (edge) to PAD  |   Corner   |  (edge) to PAD  |   Corner   |Internal Clock(s) | Phase  |
------------+-----------------+------------+-----------------+------------+------------------+--------+
alarm       |        12.957(R)|      SLOW  |         5.402(R)|      FAST  |clk_100m_BUFGP    |   0.000|
------------+-----------------+------------+-----------------+------------+------------------+--------+

Clock to Setup on destination clock clk_100m
---------------+---------+---------+---------+---------+
               | Src:Rise| Src:Fall| Src:Rise| Src:Fall|
Source Clock   |Dest:Rise|Dest:Rise|Dest:Fall|Dest:Fall|
---------------+---------+---------+---------+---------+
clk_100m       |    2.221|         |         |         |
---------------+---------+---------+---------+---------+

Pad to Pad
-----------------+---------------+---------+
Source Pad       |Destination Pad|  Delay  |
-----------------+---------------+---------+
alarm_adjust_disp|day            |    8.811|
alarm_adjust_disp|seg<0>         |   12.457|
alarm_adjust_disp|seg<1>         |   12.570|
alarm_adjust_disp|seg<2>         |   11.845|
alarm_adjust_disp|seg<3>         |   11.682|
alarm_adjust_disp|seg<4>         |   11.519|
alarm_adjust_disp|seg<5>         |   12.054|
alarm_adjust_disp|seg<6>         |   10.977|
clock_alarm_en   |alarm          |    8.603|
clock_alarm_set  |day            |    9.996|
clock_alarm_set  |seg<0>         |   13.048|
clock_alarm_set  |seg<1>         |   13.161|
clock_alarm_set  |seg<2>         |   12.814|
clock_alarm_set  |seg<3>         |   12.528|
clock_alarm_set  |seg<4>         |   12.317|
clock_alarm_set  |seg<5>         |   13.032|
clock_alarm_set  |seg<6>         |   11.839|
day_night        |day            |    6.802|
day_night        |seg<0>         |   11.171|
day_night        |seg<1>         |   11.288|
day_night        |seg<2>         |   10.717|
day_night        |seg<3>         |   10.477|
day_night        |seg<4>         |   10.270|
day_night        |seg<5>         |   10.920|
day_night        |seg<6>         |    9.780|
-----------------+---------------+---------+


Analysis completed Tue Apr 20 14:25:22 2021 
--------------------------------------------------------------------------------

Trace Settings:
-------------------------
Trace Settings 

Peak Memory Usage: 410 MB



